Detecting compiler hash for triplet x64-linux...
All requested packages are currently installed.
Restored 0 package(s) from /home/ntt/.cache/vcpkg/archives in 1.22 us. Use --debug to see more details.
Total install time: 7.36 us
benchmark provides CMake targets:

    # this is heuristically generated, and may not be correct
    find_package(benchmark CONFIG REQUIRED)
    target_link_libraries(main PRIVATE benchmark::benchmark benchmark::benchmark_main)

catch2 provides CMake targets:

    # this is heuristically generated, and may not be correct
    find_package(Catch2 CONFIG REQUIRED)
    target_link_libraries(main PRIVATE Catch2::Catch2 Catch2::Catch2WithMain)

The package fmt provides CMake targets:

    find_package(fmt CONFIG REQUIRED)
    target_link_libraries(main PRIVATE fmt::fmt)

    # Or use the header-only version
    find_package(fmt CONFIG REQUIRED)
    target_link_libraries(main PRIVATE fmt::fmt-header-only)

inja provides CMake targets:

    # this is heuristically generated, and may not be correct
    find_package(inja CONFIG REQUIRED)
    target_link_libraries(main PRIVATE pantor::inja)

spdlog provides CMake targets:

    # this is heuristically generated, and may not be correct
    find_package(spdlog CONFIG REQUIRED)
    target_link_libraries(main PRIVATE spdlog::spdlog spdlog::spdlog_header_only)

